[2024-02-23 00:19:14] [ INFO ] [OdontologoDaoMemoria:28] Odontólogo guardado: Odontologo{id=1, numeroMatricula=1234, Nombre='Carlos', Apellido='Pérez'}
[2024-02-23 00:19:15] [ ERROR] [OdontologoDaoH2:45] Valor Invalido "4" para el parametro "parameterIndex"
Invalid value "4" for parameter "parameterIndex" [90008-224]
[2024-02-23 00:19:15] [ INFO ] [OdontologoDaoH2:50] Hubo un error!
[2024-02-23 00:19:15] [ ERROR] [OdontologoDaoH2:51] Valor Invalido "4" para el parametro "parameterIndex"
Invalid value "4" for parameter "parameterIndex" [90008-224]
[2024-02-23 00:25:36] [ INFO ] [OdontologoDaoH2:42] Se ha logrado el registro del odontólogo: Odontologo{id=4, numeroMatricula=1234, Nombre='Carlos', Apellido='Pérez'} con éxito
[2024-02-23 00:27:00] [ INFO ] [OdontologoDaoMemoria:28] Odontólogo guardado: Odontologo{id=1, numeroMatricula=1234, Nombre='Carlos', Apellido='Pérez'}
[2024-02-23 00:27:00] [ INFO ] [OdontologoDaoH2:42] Se ha logrado el registro del odontólogo: Odontologo{id=5, numeroMatricula=1234, Nombre='Carlos', Apellido='Pérez'} con éxito
[2024-02-23 00:29:29] [ INFO ] [OdontologoDaoMemoria:28] Odontólogo guardado: id=1, numeroMatricula=1234, Nombre='Carlos', Apellido='Pérez
[2024-02-23 00:29:30] [ INFO ] [OdontologoDaoH2:42] Se ha logrado el registro del odontólogo: id=6, numeroMatricula=1234, Nombre='Carlos', Apellido='Pérez con éxito
[2024-02-23 00:33:00] [ INFO ] [OdontologoDaoH2:85] Listado de odontólogos obtenido: [id=1, numeroMatricula=654, Nombre='Fiorella', Apellido='Laveglia, id=2, numeroMatricula=852, Nombre='Gabriel', Apellido='DeLeon, id=3, numeroMatricula=123, Nombre='Ramon', Apellido='Añón, id=4, numeroMatricula=1234, Nombre='Carlos', Apellido='Pérez, id=5, numeroMatricula=1234, Nombre='Carlos', Apellido='Pérez, id=6, numeroMatricula=1234, Nombre='Carlos', Apellido='Pérez]
[2024-02-23 00:34:52] [ INFO ] [OdontologoDaoH2:83] Listado de odontólogos obtenido: [id=1, numeroMatricula=654, Nombre='Fiorella', Apellido='Laveglia]
[2024-02-23 00:34:52] [ INFO ] [OdontologoDaoH2:83] Listado de odontólogos obtenido: [id=1, numeroMatricula=654, Nombre='Fiorella', Apellido='Laveglia, id=2, numeroMatricula=852, Nombre='Gabriel', Apellido='DeLeon]
[2024-02-23 00:34:52] [ INFO ] [OdontologoDaoH2:83] Listado de odontólogos obtenido: [id=1, numeroMatricula=654, Nombre='Fiorella', Apellido='Laveglia, id=2, numeroMatricula=852, Nombre='Gabriel', Apellido='DeLeon, id=3, numeroMatricula=123, Nombre='Ramon', Apellido='Añón]
[2024-02-23 00:34:52] [ INFO ] [OdontologoDaoH2:83] Listado de odontólogos obtenido: [id=1, numeroMatricula=654, Nombre='Fiorella', Apellido='Laveglia, id=2, numeroMatricula=852, Nombre='Gabriel', Apellido='DeLeon, id=3, numeroMatricula=123, Nombre='Ramon', Apellido='Añón, id=4, numeroMatricula=1234, Nombre='Carlos', Apellido='Pérez]
[2024-02-23 00:34:52] [ INFO ] [OdontologoDaoH2:83] Listado de odontólogos obtenido: [id=1, numeroMatricula=654, Nombre='Fiorella', Apellido='Laveglia, id=2, numeroMatricula=852, Nombre='Gabriel', Apellido='DeLeon, id=3, numeroMatricula=123, Nombre='Ramon', Apellido='Añón, id=4, numeroMatricula=1234, Nombre='Carlos', Apellido='Pérez, id=5, numeroMatricula=1234, Nombre='Carlos', Apellido='Pérez]
[2024-02-23 00:34:52] [ INFO ] [OdontologoDaoH2:83] Listado de odontólogos obtenido: [id=1, numeroMatricula=654, Nombre='Fiorella', Apellido='Laveglia, id=2, numeroMatricula=852, Nombre='Gabriel', Apellido='DeLeon, id=3, numeroMatricula=123, Nombre='Ramon', Apellido='Añón, id=4, numeroMatricula=1234, Nombre='Carlos', Apellido='Pérez, id=5, numeroMatricula=1234, Nombre='Carlos', Apellido='Pérez, id=6, numeroMatricula=1234, Nombre='Carlos', Apellido='Pérez]
[2024-02-23 00:35:55] [ INFO ] [OdontologoDaoH2:80] Listado de odontólogos obtenido: 
[2024-02-23 00:35:55] [ INFO ] [OdontologoDaoH2:84]  [id=1, numeroMatricula=654, Nombre='Fiorella', Apellido='Laveglia]
[2024-02-23 00:35:55] [ INFO ] [OdontologoDaoH2:84]  [id=1, numeroMatricula=654, Nombre='Fiorella', Apellido='Laveglia, id=2, numeroMatricula=852, Nombre='Gabriel', Apellido='DeLeon]
[2024-02-23 00:35:55] [ INFO ] [OdontologoDaoH2:84]  [id=1, numeroMatricula=654, Nombre='Fiorella', Apellido='Laveglia, id=2, numeroMatricula=852, Nombre='Gabriel', Apellido='DeLeon, id=3, numeroMatricula=123, Nombre='Ramon', Apellido='Añón]
[2024-02-23 00:35:55] [ INFO ] [OdontologoDaoH2:84]  [id=1, numeroMatricula=654, Nombre='Fiorella', Apellido='Laveglia, id=2, numeroMatricula=852, Nombre='Gabriel', Apellido='DeLeon, id=3, numeroMatricula=123, Nombre='Ramon', Apellido='Añón, id=4, numeroMatricula=1234, Nombre='Carlos', Apellido='Pérez]
[2024-02-23 00:35:55] [ INFO ] [OdontologoDaoH2:84]  [id=1, numeroMatricula=654, Nombre='Fiorella', Apellido='Laveglia, id=2, numeroMatricula=852, Nombre='Gabriel', Apellido='DeLeon, id=3, numeroMatricula=123, Nombre='Ramon', Apellido='Añón, id=4, numeroMatricula=1234, Nombre='Carlos', Apellido='Pérez, id=5, numeroMatricula=1234, Nombre='Carlos', Apellido='Pérez]
[2024-02-23 00:35:55] [ INFO ] [OdontologoDaoH2:84]  [id=1, numeroMatricula=654, Nombre='Fiorella', Apellido='Laveglia, id=2, numeroMatricula=852, Nombre='Gabriel', Apellido='DeLeon, id=3, numeroMatricula=123, Nombre='Ramon', Apellido='Añón, id=4, numeroMatricula=1234, Nombre='Carlos', Apellido='Pérez, id=5, numeroMatricula=1234, Nombre='Carlos', Apellido='Pérez, id=6, numeroMatricula=1234, Nombre='Carlos', Apellido='Pérez]
[2024-02-23 00:36:29] [ INFO ] [OdontologoDaoH2:85] Listado de odontólogos obtenido: [id=1, numeroMatricula=654, Nombre='Fiorella', Apellido='Laveglia, id=2, numeroMatricula=852, Nombre='Gabriel', Apellido='DeLeon, id=3, numeroMatricula=123, Nombre='Ramon', Apellido='Añón, id=4, numeroMatricula=1234, Nombre='Carlos', Apellido='Pérez, id=5, numeroMatricula=1234, Nombre='Carlos', Apellido='Pérez, id=6, numeroMatricula=1234, Nombre='Carlos', Apellido='Pérez]
[2024-02-23 00:38:29] [ INFO ] [OdontologoDaoH2:85] Listado de odontólogos obtenido: [id=1, numeroMatricula=654, Nombre='Fiorella', Apellido='Laveglia, id=2, numeroMatricula=852, Nombre='Gabriel', Apellido='DeLeon, id=3, numeroMatricula=123, Nombre='Ramon', Apellido='Añón, id=4, numeroMatricula=1234, Nombre='Carlos', Apellido='Pérez, id=5, numeroMatricula=1234, Nombre='Carlos', Apellido='Pérez, id=6, numeroMatricula=1234, Nombre='Carlos', Apellido='Pérez]'
[2024-02-23 00:39:15] [ INFO ] [OdontologoDaoH2:85] Listado de odontólogos obtenido: [id=1, numeroMatricula=654, Nombre='Fiorella', Apellido='Laveglia, id=2, numeroMatricula=852, Nombre='Gabriel', Apellido='DeLeon, id=3, numeroMatricula=123, Nombre='Ramon', Apellido='Añón]
[2024-02-23 00:39:15] [ INFO ] [OdontologoDaoMemoria:28] Odontólogo guardado: id=1, numeroMatricula=1234, Nombre='Carlos', Apellido='Pérez
[2024-02-23 00:39:15] [ INFO ] [OdontologoDaoH2:42] Se ha logrado el registro del odontólogo: id=4, numeroMatricula=1234, Nombre='Carlos', Apellido='Pérez con éxito
[2024-02-23 18:10:47] [ INFO ] [OdontologoDaoH2:85] Listado de odontólogos obtenido: [id=1, numeroMatricula=654, Nombre='Fiorella', Apellido='Laveglia, id=2, numeroMatricula=852, Nombre='Gabriel', Apellido='DeLeon, id=3, numeroMatricula=123, Nombre='Ramon', Apellido='Añón]
[2024-02-23 18:10:47] [ INFO ] [OdontologoDaoMemoria:28] Odontólogo guardado: id=1, numeroMatricula=1234, Nombre='Carlos', Apellido='Pérez
